Trace syntax for `x ||- f`:

y:
  -----------------------
  | ◇(p && T) :   False |
  -----------------------
x:
  --------------------------
  | x:                     |
  |   -------------------  |
  |   |   p :   True    |  |
  |   |   T :   True    |  |
  |   | p && T :   True |  |
  |   -------------------  |
  | y:                     |
  |   -------------------- |
  |   |   p :   False    | |
  |   |   T :   True     | |
  |   | p && T :   False | |
  |   -------------------- |
  | ◇(p && T) :   True     |
  --------------------------
x ||- ◇◇(p && T) :   True

Trace syntax for `valid f` (or `satisfiable f`):
x:
  x ||- f: True
y:
  y ||- f: True
valid f : True
